<?xml version="1.0" encoding="UTF-8"?>
<testsuite name="br.com.globallabs.examplegradle.ExampleGradleApplicationTests" tests="1" skipped="0" failures="0" errors="0" timestamp="2020-07-03T17:14:12" hostname="wagner-PC" time="0.319">
  <properties/>
  <testcase name="contextLoads()" classname="br.com.globallabs.examplegradle.ExampleGradleApplicationTests" time="0.319"/>
  <system-out><![CDATA[14:14:10.839 [Test worker] DEBUG org.springframework.test.context.BootstrapUtils - Instantiating CacheAwareContextLoaderDelegate from class [org.springframework.test.context.cache.DefaultCacheAwareContextLoaderDelegate]
14:14:10.851 [Test worker] DEBUG org.springframework.test.context.BootstrapUtils - Instantiating BootstrapContext using constructor [public org.springframework.test.context.support.DefaultBootstrapContext(java.lang.Class,org.springframework.test.context.CacheAwareContextLoaderDelegate)]
14:14:10.880 [Test worker] DEBUG org.springframework.test.context.BootstrapUtils - Instantiating TestContextBootstrapper for test class [br.com.globallabs.examplegradle.ExampleGradleApplicationTests] from class [org.springframework.boot.test.context.SpringBootTestContextBootstrapper]
14:14:10.894 [Test worker] INFO org.springframework.boot.test.context.SpringBootTestContextBootstrapper - Neither @ContextConfiguration nor @ContextHierarchy found for test class [br.com.globallabs.examplegradle.ExampleGradleApplicationTests], using SpringBootContextLoader
14:14:10.897 [Test worker] DEBUG org.springframework.test.context.support.AbstractContextLoader - Did not detect default resource location for test class [br.com.globallabs.examplegradle.ExampleGradleApplicationTests]: class path resource [br/com/globallabs/examplegradle/ExampleGradleApplicationTests-context.xml] does not exist
14:14:10.898 [Test worker] DEBUG org.springframework.test.context.support.AbstractContextLoader - Did not detect default resource location for test class [br.com.globallabs.examplegradle.ExampleGradleApplicationTests]: class path resource [br/com/globallabs/examplegradle/ExampleGradleApplicationTestsContext.groovy] does not exist
14:14:10.899 [Test worker] INFO org.springframework.test.context.support.AbstractContextLoader - Could not detect default resource locations for test class [br.com.globallabs.examplegradle.ExampleGradleApplicationTests]: no resource found for suffixes {-context.xml, Context.groovy}.
14:14:10.899 [Test worker] INFO org.springframework.test.context.support.AnnotationConfigContextLoaderUtils - Could not detect default configuration classes for test class [br.com.globallabs.examplegradle.ExampleGradleApplicationTests]: ExampleGradleApplicationTests does not declare any static, non-private, non-final, nested classes annotated with @Configuration.
14:14:10.931 [Test worker] DEBUG org.springframework.test.context.support.ActiveProfilesUtils - Could not find an 'annotation declaring class' for annotation type [org.springframework.test.context.ActiveProfiles] and class [br.com.globallabs.examplegradle.ExampleGradleApplicationTests]
14:14:10.981 [Test worker] DEBUG org.springframework.context.annotation.ClassPathScanningCandidateComponentProvider - Identified candidate component class: file [/home/wagner/Documents/cursoCarrefour/aulaAnotacao/aulaJava/example-gradle/build/classes/java/main/br/com/globallabs/examplegradle/ExampleGradleApplication.class]
14:14:10.982 [Test worker] INFO org.springframework.boot.test.context.SpringBootTestContextBootstrapper - Found @SpringBootConfiguration br.com.globallabs.examplegradle.ExampleGradleApplication for test class br.com.globallabs.examplegradle.ExampleGradleApplicationTests
14:14:11.057 [Test worker] DEBUG org.springframework.boot.test.context.SpringBootTestContextBootstrapper - @TestExecutionListeners is not present for class [br.com.globallabs.examplegradle.ExampleGradleApplicationTests]: using defaults.
14:14:11.058 [Test worker] INFO org.springframework.boot.test.context.SpringBootTestContextBootstrapper - Loaded default TestExecutionListener class names from location [META-INF/spring.factories]: [org.springframework.boot.test.autoconfigure.restdocs.RestDocsTestExecutionListener, org.springframework.boot.test.autoconfigure.web.client.MockRestServiceServerResetTestExecutionListener, org.springframework.boot.test.autoconfigure.web.servlet.MockMvcPrintOnlyOnFailureTestExecutionListener, org.springframework.boot.test.autoconfigure.web.servlet.WebDriverTestExecutionListener, org.springframework.boot.test.autoconfigure.webservices.client.MockWebServiceServerTestExecutionListener, org.springframework.boot.test.mock.mockito.MockitoTestExecutionListener, org.springframework.boot.test.mock.mockito.ResetMocksTestExecutionListener, org.springframework.test.context.web.ServletTestExecutionListener, org.springframework.test.context.support.DirtiesContextBeforeModesTestExecutionListener, org.springframework.test.context.support.DependencyInjectionTestExecutionListener, org.springframework.test.context.support.DirtiesContextTestExecutionListener, org.springframework.test.context.transaction.TransactionalTestExecutionListener, org.springframework.test.context.jdbc.SqlScriptsTestExecutionListener, org.springframework.test.context.event.EventPublishingTestExecutionListener]
14:14:11.066 [Test worker] DEBUG org.springframework.boot.test.context.SpringBootTestContextBootstrapper - Skipping candidate TestExecutionListener [org.springframework.test.context.transaction.TransactionalTestExecutionListener] due to a missing dependency. Specify custom listener classes or make the default listener classes and their required dependencies available. Offending class: [org/springframework/transaction/interceptor/TransactionAttributeSource]
14:14:11.067 [Test worker] DEBUG org.springframework.boot.test.context.SpringBootTestContextBootstrapper - Skipping candidate TestExecutionListener [org.springframework.test.context.jdbc.SqlScriptsTestExecutionListener] due to a missing dependency. Specify custom listener classes or make the default listener classes and their required dependencies available. Offending class: [org/springframework/transaction/interceptor/TransactionAttribute]
14:14:11.068 [Test worker] INFO org.springframework.boot.test.context.SpringBootTestContextBootstrapper - Using TestExecutionListeners: [org.springframework.test.context.web.ServletTestExecutionListener@14ab684, org.springframework.test.context.support.DirtiesContextBeforeModesTestExecutionListener@5c343a45, org.springframework.boot.test.mock.mockito.MockitoTestExecutionListener@61cb2f1e, org.springframework.boot.test.autoconfigure.SpringBootDependencyInjectionTestExecutionListener@b804f87, org.springframework.test.context.support.DirtiesContextTestExecutionListener@5faa26e5, org.springframework.test.context.event.EventPublishingTestExecutionListener@22b1c947, org.springframework.boot.test.autoconfigure.restdocs.RestDocsTestExecutionListener@1a3aa1d0, org.springframework.boot.test.autoconfigure.web.client.MockRestServiceServerResetTestExecutionListener@13cf2967, org.springframework.boot.test.autoconfigure.web.servlet.MockMvcPrintOnlyOnFailureTestExecutionListener@1ddcb8f5, org.springframework.boot.test.autoconfigure.web.servlet.WebDriverTestExecutionListener@318ba1f8, org.springframework.boot.test.autoconfigure.webservices.client.MockWebServiceServerTestExecutionListener@7e70b238, org.springframework.boot.test.mock.mockito.ResetMocksTestExecutionListener@149e3880]
14:14:11.071 [Test worker] DEBUG org.springframework.test.context.support.AbstractDirtiesContextTestExecutionListener - Before test class: context [DefaultTestContext@5add6dd6 testClass = ExampleGradleApplicationTests, testInstance = [null], testMethod = [null], testException = [null], mergedContextConfiguration = [WebMergedContextConfiguration@1eba482 testClass = ExampleGradleApplicationTests, locations = '{}', classes = '{class br.com.globallabs.examplegradle.ExampleGradleApplication}', contextInitializerClasses = '[]', activeProfiles = '{}', propertySourceLocations = '{}', propertySourceProperties = '{org.springframework.boot.test.context.SpringBootTestContextBootstrapper=true}', contextCustomizers = set[org.springframework.boot.test.autoconfigure.properties.PropertyMappingContextCustomizer@0, org.springframework.boot.test.autoconfigure.web.servlet.WebDriverContextCustomizerFactory$Customizer@2be4cf21, org.springframework.boot.test.context.filter.ExcludeFilterContextCustomizer@66f1b4dd, org.springframework.boot.test.json.DuplicateJsonObjectContextCustomizerFactory$DuplicateJsonObjectContextCustomizer@2b322e35, org.springframework.boot.test.mock.mockito.MockitoContextCustomizer@0, org.springframework.boot.test.web.client.TestRestTemplateContextCustomizer@58895723, org.springframework.boot.test.context.SpringBootTestArgs@1], resourceBasePath = 'src/main/webapp', contextLoader = 'org.springframework.boot.test.context.SpringBootContextLoader', parent = [null]], attributes = map['org.springframework.test.context.web.ServletTestExecutionListener.activateListener' -> true]], class annotated with @DirtiesContext [false] with mode [null].
14:14:11.099 [Test worker] DEBUG org.springframework.test.context.support.TestPropertySourceUtils - Adding inlined properties to environment: {spring.jmx.enabled=false, org.springframework.boot.test.context.SpringBootTestContextBootstrapper=true}

  .   ____          _            __ _ _
 /\\ / ___'_ __ _ _(_)_ __  __ _ \ \ \ \
( ( )\___ | '_ | '_| | '_ \/ _` | \ \ \ \
 \\/  ___)| |_)| | | | | || (_| |  ) ) ) )
  '  |____| .__|_| |_|_| |_\__, | / / / /
 =========|_|==============|___/=/_/_/_/
 :: Spring Boot ::        (v2.3.1.RELEASE)

2020-07-03 14:14:11.323  INFO 12917 --- [    Test worker] b.c.g.e.ExampleGradleApplicationTests    : Starting ExampleGradleApplicationTests on wagner-PC with PID 12917 (started by wagner in /home/wagner/Documents/cursoCarrefour/aulaAnotacao/aulaJava/example-gradle)
2020-07-03 14:14:11.325  INFO 12917 --- [    Test worker] b.c.g.e.ExampleGradleApplicationTests    : No active profile set, falling back to default profiles: default
2020-07-03 14:14:12.277  INFO 12917 --- [    Test worker] o.s.s.concurrent.ThreadPoolTaskExecutor  : Initializing ExecutorService 'applicationTaskExecutor'
2020-07-03 14:14:12.479  INFO 12917 --- [    Test worker] b.c.g.e.ExampleGradleApplicationTests    : Started ExampleGradleApplicationTests in 1.373 seconds (JVM running for 2.274)
]]></system-out>
  <system-err><![CDATA[]]></system-err>
</testsuite>
